<?xml version="1.0" encoding="UTF-8"?>
<testng-results ignored="0" total="0" passed="0" failed="0" skipped="0">
  <reporter-output>
  </reporter-output>
  <suite started-at="2023-12-05T16:54:00 PKT" name="Surefire suite" finished-at="2023-12-05T16:54:00 PKT" duration-ms="8">
    <groups>
    </groups>
    <test started-at="2023-12-05T16:54:00 PKT" name="Surefire test-0" finished-at="2023-12-05T16:54:00 PKT" duration-ms="8">
    </test> <!-- Surefire test-0 -->
  </suite> <!-- Surefire suite -->
</testng-results>
